app/build/intermediates/manifest_merge_blame_file/debug/manifest-merger-blame-debug-report.txt
1<?xml version="1.0" encoding="utf-8"?>
2<manifest xmlns:android="http://schemas.android.com/apk/res/android"
3    package="com.example.snakio"
4    android:versionCode="1"
5    android:versionName="1.0" >
6
7    <uses-sdk
8        android:minSdkVersion="24"
9        android:targetSdkVersion="33" />
10
11    <permission
11-->[androidx.core:core:1.9.0] AndroidManifest.xml:22:5-24:47
12        android:name="com.example.snakio.DYNAMIC_RECEIVER_NOT_EXPORTED_PERMISSION"
12-->[androidx.core:core:1.9.0] AndroidManifest.xml:23:9-81
13        android:protectionLevel="signature" />
13-->[androidx.core:core:1.9.0] AndroidManifest.xml:24:9-44
14
15    <uses-permission android:name="com.example.snakio.DYNAMIC_RECEIVER_NOT_EXPORTED_PERMISSION" />
15-->[androidx.core:core:1.9.0] AndroidManifest.xml:26:5-97
15-->[androidx.core:core:1.9.0] AndroidManifest.xml:26:22-94
16
17    <application
17-->src\main\AndroidManifest.xml:5:5-46:19
18        android:allowBackup="true"
18-->src\main\AndroidManifest.xml:6:9-35
19        android:appComponentFactory="androidx.core.app.CoreComponentFactory"
19-->[androidx.core:core:1.9.0] AndroidManifest.xml:28:18-86
20        android:debuggable="true"
21        android:extractNativeLibs="false"
22        android:icon="@mipmap/ic_launcher"
22-->src\main\AndroidManifest.xml:7:9-43
23        android:label="@string/app_name"
23-->src\main\AndroidManifest.xml:8:9-41
24        android:roundIcon="@mipmap/ic_launcher_round"
24-->src\main\AndroidManifest.xml:9:9-54
25        android:supportsRtl="true"
25-->src\main\AndroidManifest.xml:10:9-35
26        android:testOnly="true"
27        android:theme="@style/Theme.AppCompat.NoActionBar" >
27-->src\main\AndroidManifest.xml:11:9-59
28        <activity
28-->src\main\AndroidManifest.xml:13:9-22:20
29            android:name="com.example.snakio.SnakeMenuActivity"
29-->src\main\AndroidManifest.xml:13:19-52
30            android:exported="true"
30-->src\main\AndroidManifest.xml:16:13-36
31            android:screenOrientation="landscape"
31-->src\main\AndroidManifest.xml:15:13-50
32            android:theme="@style/Theme.AppCompat.NoActionBar" >
32-->src\main\AndroidManifest.xml:14:13-63
33            <intent-filter>
33-->src\main\AndroidManifest.xml:17:13-21:29
34                <action android:name="android.intent.action.MAIN" />
34-->src\main\AndroidManifest.xml:18:17-69
34-->src\main\AndroidManifest.xml:18:25-66
35
36                <category android:name="android.intent.category.LAUNCHER" />
36-->src\main\AndroidManifest.xml:20:17-77
36-->src\main\AndroidManifest.xml:20:27-74
37            </intent-filter>
38        </activity>
39        <activity
39-->src\main\AndroidManifest.xml:24:9-33:20
40            android:name="com.example.snakio.SnakeActivity"
40-->src\main\AndroidManifest.xml:24:19-48
41            android:exported="true"
41-->src\main\AndroidManifest.xml:27:13-36
42            android:screenOrientation="landscape"
42-->src\main\AndroidManifest.xml:26:13-50
43            android:theme="@style/Theme.AppCompat.NoActionBar" >
43-->src\main\AndroidManifest.xml:25:13-63
44            <intent-filter>
44-->src\main\AndroidManifest.xml:17:13-21:29
45                <action android:name="android.intent.action.MAIN" />
45-->src\main\AndroidManifest.xml:18:17-69
45-->src\main\AndroidManifest.xml:18:25-66
46
47                <category android:name="android.intent.category.LAUNCHER" />
47-->src\main\AndroidManifest.xml:20:17-77
47-->src\main\AndroidManifest.xml:20:27-74
48            </intent-filter>
49        </activity>
50        <activity
50-->src\main\AndroidManifest.xml:35:9-44:20
51            android:name="com.example.snakio.SnakeSettingsActivity"
51-->src\main\AndroidManifest.xml:35:19-56
52            android:exported="true"
52-->src\main\AndroidManifest.xml:38:13-36
53            android:screenOrientation="landscape"
53-->src\main\AndroidManifest.xml:37:13-50
54            android:theme="@style/Theme.AppCompat.NoActionBar" >
54-->src\main\AndroidManifest.xml:36:13-63
55            <intent-filter>
55-->src\main\AndroidManifest.xml:17:13-21:29
56                <action android:name="android.intent.action.MAIN" />
56-->src\main\AndroidManifest.xml:18:17-69
56-->src\main\AndroidManifest.xml:18:25-66
57
58                <category android:name="android.intent.category.LAUNCHER" />
58-->src\main\AndroidManifest.xml:20:17-77
58-->src\main\AndroidManifest.xml:20:27-74
59            </intent-filter>
60        </activity>
61
62        <provider
62-->[androidx.emoji2:emoji2:1.2.0] AndroidManifest.xml:24:9-32:20
63            android:name="androidx.startup.InitializationProvider"
63-->[androidx.emoji2:emoji2:1.2.0] AndroidManifest.xml:25:13-67
64            android:authorities="com.example.snakio.androidx-startup"
64-->[androidx.emoji2:emoji2:1.2.0] AndroidManifest.xml:26:13-68
65            android:exported="false" >
65-->[androidx.emoji2:emoji2:1.2.0] AndroidManifest.xml:27:13-37
66            <meta-data
66-->[androidx.emoji2:emoji2:1.2.0] AndroidManifest.xml:29:13-31:52
67                android:name="androidx.emoji2.text.EmojiCompatInitializer"
67-->[androidx.emoji2:emoji2:1.2.0] AndroidManifest.xml:30:17-75
68                android:value="androidx.startup" />
68-->[androidx.emoji2:emoji2:1.2.0] AndroidManifest.xml:31:17-49
69            <meta-data
69-->[androidx.lifecycle:lifecycle-process:2.4.1] AndroidManifest.xml:31:13-33:52
70                android:name="androidx.lifecycle.ProcessLifecycleInitializer"
70-->[androidx.lifecycle:lifecycle-process:2.4.1] AndroidManifest.xml:32:17-78
71                android:value="androidx.startup" />
71-->[androidx.lifecycle:lifecycle-process:2.4.1] AndroidManifest.xml:33:17-49
72        </provider>
73    </application>
74
75</manifest>